This is pdfTeX, Version 3.1415926-2.5-1.40.14 (TeX Live 2013/Debian) (format=pdflatex 2015.4.10)  15 JUN 2016 13:49
entering extended mode
 restricted \write18 enabled.
 %&-line parsing enabled.
**book.tex
(./book.tex
LaTeX2e <2011/06/27>
Babel <3.9h> and hyphenation patterns for 2 languages loaded.
(./preamble.tex (/usr/share/texlive/texmf-dist/tex/latex/base/book.cls
Document Class: book 2007/10/19 v1.4h Standard LaTeX document class
(/usr/share/texlive/texmf-dist/tex/latex/base/bk11.clo
File: bk11.clo 2007/10/19 v1.4h Standard LaTeX file (size option)
)
\c@part=\count79
\c@chapter=\count80
\c@section=\count81
\c@subsection=\count82
\c@subsubsection=\count83
\c@paragraph=\count84
\c@subparagraph=\count85
\c@figure=\count86
\c@table=\count87
\abovecaptionskip=\skip41
\belowcaptionskip=\skip42
\bibindent=\dimen102
)
(/usr/share/texlive/texmf-dist/tex/latex/graphics/graphicx.sty
Package: graphicx 1999/02/16 v1.0f Enhanced LaTeX Graphics (DPC,SPQR)

(/usr/share/texlive/texmf-dist/tex/latex/graphics/keyval.sty
Package: keyval 1999/03/16 v1.13 key=value parser (DPC)
\KV@toks@=\toks14
)
(/usr/share/texlive/texmf-dist/tex/latex/graphics/graphics.sty
Package: graphics 2009/02/05 v1.0o Standard LaTeX Graphics (DPC,SPQR)

(/usr/share/texlive/texmf-dist/tex/latex/graphics/trig.sty
Package: trig 1999/03/16 v1.09 sin cos tan (DPC)
)
(/usr/share/texlive/texmf-dist/tex/latex/latexconfig/graphics.cfg
File: graphics.cfg 2010/04/23 v1.9 graphics configuration of TeX Live
)
Package graphics Info: Driver file: pdftex.def on input line 91.

(/usr/share/texlive/texmf-dist/tex/latex/pdftex-def/pdftex.def
File: pdftex.def 2011/05/27 v0.06d Graphics/color for pdfTeX

(/usr/share/texlive/texmf-dist/tex/generic/oberdiek/infwarerr.sty
Package: infwarerr 2010/04/08 v1.3 Providing info/warning/error messages (HO)
)
(/usr/share/texlive/texmf-dist/tex/generic/oberdiek/ltxcmds.sty
Package: ltxcmds 2011/11/09 v1.22 LaTeX kernel commands for general use (HO)
)
\Gread@gobject=\count88
))
\Gin@req@height=\dimen103
\Gin@req@width=\dimen104
)
(/usr/share/texlive/texmf-dist/tex/latex/psfrag/psfrag.sty
Package: psfrag 1998/04/11 v3.04 PSfrag (MCG)
\pfg@pcount=\count89
\pfg@scount=\count90
\pfg@temp=\write3
)
(/usr/share/texlive/texmf-dist/tex/latex/amsfonts/amsfonts.sty
Package: amsfonts 2013/01/14 v3.01 Basic AMSFonts support
\@emptytoks=\toks15
\symAMSa=\mathgroup4
\symAMSb=\mathgroup5
LaTeX Font Info:    Overwriting math alphabet `\mathfrak' in version `bold'
(Font)                  U/euf/m/n --> U/euf/b/n on input line 106.
) (./comment.sty
\CommentStream=\write4

Excluding comment 'comment')
(/usr/share/texlive/texmf-dist/tex/latex/geometry/geometry.sty
Package: geometry 2010/09/12 v5.6 Page Geometry

(/usr/share/texlive/texmf-dist/tex/generic/oberdiek/ifpdf.sty
Package: ifpdf 2011/01/30 v2.3 Provides the ifpdf switch (HO)
Package ifpdf Info: pdfTeX in PDF mode is detected.
)
(/usr/share/texlive/texmf-dist/tex/generic/oberdiek/ifvtex.sty
Package: ifvtex 2010/03/01 v1.5 Detect VTeX and its facilities (HO)
Package ifvtex Info: VTeX not detected.
)
(/usr/share/texlive/texmf-dist/tex/generic/ifxetex/ifxetex.sty
Package: ifxetex 2010/09/12 v0.6 Provides ifxetex conditional
)
\Gm@cnth=\count91
\Gm@cntv=\count92
\c@Gm@tempcnt=\count93
\Gm@bindingoffset=\dimen105
\Gm@wd@mp=\dimen106
\Gm@odd@mp=\dimen107
\Gm@even@mp=\dimen108
\Gm@layoutwidth=\dimen109
\Gm@layoutheight=\dimen110
\Gm@layouthoffset=\dimen111
\Gm@layoutvoffset=\dimen112
\Gm@dimlist=\toks16


Package geometry Warning: Over-specification in `h'-direction.
    `width' (433.62pt) is ignored.

) (/usr/share/texlive/texmf-dist/tex/latex/amsmath/amsmath.sty
Package: amsmath 2013/01/14 v2.14 AMS math features
\@mathmargin=\skip43

For additional information on amsmath, use the `?' option.
(/usr/share/texlive/texmf-dist/tex/latex/amsmath/amstext.sty
Package: amstext 2000/06/29 v2.01

(/usr/share/texlive/texmf-dist/tex/latex/amsmath/amsgen.sty
File: amsgen.sty 1999/11/30 v2.0
\@emptytoks=\toks17
\ex@=\dimen113
))
(/usr/share/texlive/texmf-dist/tex/latex/amsmath/amsbsy.sty
Package: amsbsy 1999/11/29 v1.2d
\pmbraise@=\dimen114
)
(/usr/share/texlive/texmf-dist/tex/latex/amsmath/amsopn.sty
Package: amsopn 1999/12/14 v2.01 operator names
)
\inf@bad=\count94
LaTeX Info: Redefining \frac on input line 210.
\uproot@=\count95
\leftroot@=\count96
LaTeX Info: Redefining \overline on input line 306.
\classnum@=\count97
\DOTSCASE@=\count98
LaTeX Info: Redefining \ldots on input line 378.
LaTeX Info: Redefining \dots on input line 381.
LaTeX Info: Redefining \cdots on input line 466.
\Mathstrutbox@=\box26
\strutbox@=\box27
\big@size=\dimen115
LaTeX Font Info:    Redeclaring font encoding OML on input line 566.
LaTeX Font Info:    Redeclaring font encoding OMS on input line 567.
\macc@depth=\count99
\c@MaxMatrixCols=\count100
\dotsspace@=\muskip10
\c@parentequation=\count101
\dspbrk@lvl=\count102
\tag@help=\toks18
\row@=\count103
\column@=\count104
\maxfields@=\count105
\andhelp@=\toks19
\eqnshift@=\dimen116
\alignsep@=\dimen117
\tagshift@=\dimen118
\tagwidth@=\dimen119
\totwidth@=\dimen120
\lineht@=\dimen121
\@envbody=\toks20
\multlinegap=\skip44
\multlinetaggap=\skip45
\mathdisplay@stack=\toks21
LaTeX Info: Redefining \[ on input line 2665.
LaTeX Info: Redefining \] on input line 2666.
)
(/usr/share/texlive/texmf-dist/tex/latex/amsfonts/amssymb.sty
Package: amssymb 2013/01/14 v3.01 AMS font symbols
)
(/usr/share/texlive/texmf-dist/tex/latex/setspace/setspace.sty
Package: setspace 2011/12/19 v6.7a set line spacing
)
(/usr/share/texlive/texmf-dist/tex/latex/fancyhdr/fancyhdr.sty
\fancy@headwidth=\skip46
\f@ncyO@elh=\skip47
\f@ncyO@erh=\skip48
\f@ncyO@olh=\skip49
\f@ncyO@orh=\skip50
\f@ncyO@elf=\skip51
\f@ncyO@erf=\skip52
\f@ncyO@olf=\skip53
\f@ncyO@orf=\skip54
)) (./book.aux
(./front_title.aux))
\openout1 = `book.aux'.

LaTeX Font Info:    Checking defaults for OML/cmm/m/it on input line 5.
LaTeX Font Info:    ... okay on input line 5.
LaTeX Font Info:    Checking defaults for T1/cmr/m/n on input line 5.
LaTeX Font Info:    ... okay on input line 5.
LaTeX Font Info:    Checking defaults for OT1/cmr/m/n on input line 5.
LaTeX Font Info:    ... okay on input line 5.
LaTeX Font Info:    Checking defaults for OMS/cmsy/m/n on input line 5.
LaTeX Font Info:    ... okay on input line 5.
LaTeX Font Info:    Checking defaults for OMX/cmex/m/n on input line 5.
LaTeX Font Info:    ... okay on input line 5.
LaTeX Font Info:    Checking defaults for U/cmr/m/n on input line 5.
LaTeX Font Info:    ... okay on input line 5.

(/usr/share/texlive/texmf-dist/tex/context/base/supp-pdf.mkii
[Loading MPS to PDF converter (version 2006.09.02).]
\scratchcounter=\count106
\scratchdimen=\dimen122
\scratchbox=\box28
\nofMPsegments=\count107
\nofMParguments=\count108
\everyMPshowfont=\toks22
\MPscratchCnt=\count109
\MPscratchDim=\dimen123
\MPnumerator=\count110
\makeMPintoPDFobject=\count111
\everyMPtoPDFconversion=\toks23
) (/usr/share/texlive/texmf-dist/tex/generic/oberdiek/pdftexcmds.sty
Package: pdftexcmds 2011/11/29 v0.20 Utility functions of pdfTeX for LuaTeX (HO
)

(/usr/share/texlive/texmf-dist/tex/generic/oberdiek/ifluatex.sty
Package: ifluatex 2010/03/01 v1.3 Provides the ifluatex switch (HO)
Package ifluatex Info: LuaTeX not detected.
)
Package pdftexcmds Info: LuaTeX not detected.
Package pdftexcmds Info: \pdf@primitive is available.
Package pdftexcmds Info: \pdf@ifprimitive is available.
Package pdftexcmds Info: \pdfdraftmode found.
)
(/usr/share/texlive/texmf-dist/tex/latex/oberdiek/epstopdf-base.sty
Package: epstopdf-base 2010/02/09 v2.5 Base part for package epstopdf

(/usr/share/texlive/texmf-dist/tex/latex/oberdiek/grfext.sty
Package: grfext 2010/08/19 v1.1 Manage graphics extensions (HO)

(/usr/share/texlive/texmf-dist/tex/generic/oberdiek/kvdefinekeys.sty
Package: kvdefinekeys 2011/04/07 v1.3 Define keys (HO)
))
(/usr/share/texlive/texmf-dist/tex/latex/oberdiek/kvoptions.sty
Package: kvoptions 2011/06/30 v3.11 Key value format for package options (HO)

(/usr/share/texlive/texmf-dist/tex/generic/oberdiek/kvsetkeys.sty
Package: kvsetkeys 2012/04/25 v1.16 Key value parser (HO)

(/usr/share/texlive/texmf-dist/tex/generic/oberdiek/etexcmds.sty
Package: etexcmds 2011/02/16 v1.5 Avoid name clashes with e-TeX commands (HO)
Package etexcmds Info: Could not find \expanded.
(etexcmds)             That can mean that you are not using pdfTeX 1.50 or
(etexcmds)             that some package has redefined \expanded.
(etexcmds)             In the latter case, load this package earlier.
)))
Package grfext Info: Graphics extension search list:
(grfext)             [.png,.pdf,.jpg,.mps,.jpeg,.jbig2,.jb2,.PNG,.PDF,.JPG,.JPE
G,.JBIG2,.JB2,.eps]
(grfext)             \AppendGraphicsExtensions on input line 452.

(/usr/share/texlive/texmf-dist/tex/latex/latexconfig/epstopdf-sys.cfg
File: epstopdf-sys.cfg 2010/07/13 v1.3 Configuration of (r)epstopdf for TeX Liv
e
))
*geometry* driver: auto-detecting
*geometry* detected driver: pdftex
*geometry* verbose mode - [ preamble ] result:
* driver: pdftex
* paper: <default>
* layout: <same size as paper>
* layoutoffset:(h,v)=(0.0pt,0.0pt)
* modes: twoside 
* h-part:(L,W,R)=(90.3375pt, 433.62001pt, 90.3375pt)
* v-part:(T,H,B)=(80.94247pt, 592.61377pt, 121.41374pt)
* \paperwidth=614.295pt
* \paperheight=794.96999pt
* \textwidth=433.62001pt
* \textheight=592.61377pt
* \oddsidemargin=18.0675pt
* \evensidemargin=18.0675pt
* \topmargin=-23.20131pt
* \headheight=12.0pt
* \headsep=19.8738pt
* \topskip=11.0pt
* \footskip=27.46295pt
* \marginparwidth=116.0pt
* \marginparsep=7.0pt
* \columnsep=10.0pt
* \skip\footins=10.0pt plus 4.0pt minus 2.0pt
* \hoffset=0.0pt
* \voffset=0.0pt
* \mag=1000
* \@twocolumnfalse
* \@twosidetrue
* \@mparswitchtrue
* \@reversemarginfalse
* (1in=72.27pt=25.4mm, 1cm=28.453pt)

\c@theorem=\count112
\c@lemma=\count113
\c@corollary=\count114
\c@example=\count115
\c@definition=\count116
\c@result=\count117
\c@observation=\count118
\c@proposition=\count119
\c@algorithm=\count120
\c@assumption=\count121
\openout2 = `front_title.aux'.

(./front_title.tex
\centeroffset=\skip55


LaTeX Font Warning: Font shape `OT1/cmss/m/it' in size <20.74> not available
(Font)              Font shape `OT1/cmss/m/sl' tried instead on input line 22.

LaTeX Font Info:    Try loading font information for U+msa on input line 22.
(/usr/share/texlive/texmf-dist/tex/latex/amsfonts/umsa.fd
File: umsa.fd 2013/01/14 v3.01 AMS symbols A
)
LaTeX Font Info:    Try loading font information for U+msb on input line 22.

(/usr/share/texlive/texmf-dist/tex/latex/amsfonts/umsb.fd
File: umsb.fd 2013/01/14 v3.01 AMS symbols B
)

LaTeX Font Warning: Font shape `OT1/cmss/m/it' in size <10.95> not available
(Font)              Font shape `OT1/cmss/m/sl' tried instead on input line 32.

[1
Non-PDF special ignored!


{/var/lib/texmf/fonts/map/pdftex/updmap/pdftex.map}])
(./book.toc)
\tf@toc=\write5
\openout5 = `book.toc'.

 [1


] [2

] (./book.lof)
\tf@lof=\write6
\openout6 = `book.lof'.

 [3] (./intro.tex [4

]
Chapter 1.
[5]
Underfull \hbox (badness 10000) in paragraph at lines 52--58

 []


Package Fancyhdr Warning: \headheight is too small (12.0pt): 
 Make it at least 13.59999pt.
 We now make it that large for the rest of the document.
 This may cause the page layout to be inconsistent, however.

[6]
Underfull \hbox (badness 10000) in paragraph at lines 169--180

 []

[7]) (./methods.tex
Underfull \vbox (badness 1286) has occurred while \output is active []

 [8]
Underfull \hbox (badness 10000) in paragraph at lines 52--55

 []

[9] [10] [11] [12]
! Double subscript.
l.207      L_k := \bigvee_{l=0}^{k} _
                                     {l}L_{k}
I treat `x_1_2' essentially like `x_1{}_2'.

) (./cbmc.tex
Underfull \hbox (badness 10000) in paragraph at lines 34--39

 []

[13] [14]
Underfull \hbox (badness 10000) in paragraph at lines 128--134

 []

[15]
Underfull \hbox (badness 10000) in paragraph at lines 135--136

 []


Underfull \hbox (badness 10000) in paragraph at lines 137--138

 []


Underfull \hbox (badness 10000) in paragraph at lines 139--140

 []


Underfull \hbox (badness 10000) in paragraph at lines 160--161

 []

! Missing { inserted.
<to be read again> 
                   $
l.195 a $ ^ $
              b & bit-wise-xor \\
A left brace was mandatory here, so I've put one in.
You might want to delete and/or insert some corrections
so that I will find a matching right brace soon.
(If you're confused by all this, try typing `I}' now.)

! Missing } inserted.
<inserted text> 
                }
l.195 a $ ^ $
              b & bit-wise-xor \\
I've inserted something that you may have forgotten.
(See the <inserted text> above.)
With luck, this will get me unwedged. But if you
really didn't forget anything, try typing `2' now; then
my insertion and my current dilemma will both disappear.

[16]
Underfull \hbox (badness 10000) in paragraph at lines 214--219

 []


Underfull \hbox (badness 10000) in paragraph at lines 237--239

 []


Underfull \hbox (badness 10000) in paragraph at lines 242--245

 []


Underfull \hbox (badness 10000) in paragraph at lines 254--256

 []

[17]
Underfull \hbox (badness 10000) in paragraph at lines 292--295

 []

[18] [19]

LaTeX Warning: Command \textendash invalid in math mode on input line 366.


LaTeX Warning: Command \textendash invalid in math mode on input line 366.


LaTeX Warning: Command \textendash invalid in math mode on input line 366.


LaTeX Warning: Command \textendash invalid in math mode on input line 366.


LaTeX Warning: Command \textendash invalid in math mode on input line 368.


LaTeX Warning: Command \textendash invalid in math mode on input line 368.


LaTeX Warning: Command \textendash invalid in math mode on input line 368.


LaTeX Warning: Command \textendash invalid in math mode on input line 368.


LaTeX Warning: Command \textendash invalid in math mode on input line 370.


LaTeX Warning: Command \textendash invalid in math mode on input line 370.


LaTeX Warning: Command \textendash invalid in math mode on input line 370.


LaTeX Warning: Command \textendash invalid in math mode on input line 370.


LaTeX Warning: Command \textendash invalid in math mode on input line 372.


LaTeX Warning: Command \textendash invalid in math mode on input line 372.


LaTeX Warning: Command \textendash invalid in math mode on input line 372.


LaTeX Warning: Command \textendash invalid in math mode on input line 374.


LaTeX Warning: Command \textendash invalid in math mode on input line 374.


LaTeX Warning: Command \textendash invalid in math mode on input line 374.


LaTeX Warning: Command \textendash invalid in math mode on input line 374.


LaTeX Warning: Command \textendash invalid in math mode on input line 374.


LaTeX Warning: Command \textendash invalid in math mode on input line 376.


LaTeX Warning: Command \textendash invalid in math mode on input line 376.


LaTeX Warning: Command \textendash invalid in math mode on input line 376.


LaTeX Warning: Command \textendash invalid in math mode on input line 378.


LaTeX Warning: Command \textendash invalid in math mode on input line 378.


LaTeX Warning: Command \textendash invalid in math mode on input line 378.


LaTeX Warning: Command \textendash invalid in math mode on input line 378.


LaTeX Warning: Command \textendash invalid in math mode on input line 380.


LaTeX Warning: Command \textendash invalid in math mode on input line 380.


LaTeX Warning: Command \textendash invalid in math mode on input line 380.


LaTeX Warning: Command \textendash invalid in math mode on input line 380.


LaTeX Warning: Command \textendash invalid in math mode on input line 380.


LaTeX Warning: Command \textendash invalid in math mode on input line 382.


LaTeX Warning: Command \textendash invalid in math mode on input line 382.


LaTeX Warning: Command \textendash invalid in math mode on input line 382.


LaTeX Warning: Command \textendash invalid in math mode on input line 382.


LaTeX Warning: Command \textendash invalid in math mode on input line 382.


LaTeX Warning: Command \textendash invalid in math mode on input line 384.


LaTeX Warning: Command \textendash invalid in math mode on input line 384.


LaTeX Warning: Command \textendash invalid in math mode on input line 384.


LaTeX Warning: Command \textendash invalid in math mode on input line 384.


LaTeX Warning: Command \textendash invalid in math mode on input line 386.


LaTeX Warning: Command \textendash invalid in math mode on input line 386.


LaTeX Warning: Command \textendash invalid in math mode on input line 386.


LaTeX Warning: Command \textendash invalid in math mode on input line 386.


LaTeX Warning: Command \textendash invalid in math mode on input line 388.


LaTeX Warning: Command \textendash invalid in math mode on input line 388.


LaTeX Warning: Command \textendash invalid in math mode on input line 388.


LaTeX Warning: Command \textendash invalid in math mode on input line 390.


LaTeX Warning: Command \textendash invalid in math mode on input line 390.


LaTeX Warning: Command \textendash invalid in math mode on input line 390.


LaTeX Warning: Command \textendash invalid in math mode on input line 392.


LaTeX Warning: Command \textendash invalid in math mode on input line 392.


LaTeX Warning: Command \textendash invalid in math mode on input line 392.


LaTeX Warning: Command \textendash invalid in math mode on input line 394.


LaTeX Warning: Command \textendash invalid in math mode on input line 394.


LaTeX Warning: Command \textendash invalid in math mode on input line 396.


LaTeX Warning: Command \textendash invalid in math mode on input line 396.


LaTeX Warning: Command \textendash invalid in math mode on input line 398.


LaTeX Warning: Command \textendash invalid in math mode on input line 398.


LaTeX Warning: Command \textendash invalid in math mode on input line 400.


LaTeX Warning: Command \textendash invalid in math mode on input line 400.


LaTeX Warning: Command \textendash invalid in math mode on input line 402.


LaTeX Warning: Command \textendash invalid in math mode on input line 402.


LaTeX Warning: Command \textendash invalid in math mode on input line 402.


LaTeX Warning: Command \textendash invalid in math mode on input line 404.


LaTeX Warning: Command \textendash invalid in math mode on input line 404.


LaTeX Warning: Command \textendash invalid in math mode on input line 404.


LaTeX Warning: Command \textendash invalid in math mode on input line 406.


LaTeX Warning: Command \textendash invalid in math mode on input line 406.


LaTeX Warning: Command \textendash invalid in math mode on input line 408.


LaTeX Warning: Command \textendash invalid in math mode on input line 408.


LaTeX Warning: Command \textendash invalid in math mode on input line 410.


LaTeX Warning: Command \textendash invalid in math mode on input line 410.


LaTeX Warning: Command \textendash invalid in math mode on input line 413.


LaTeX Warning: Command \textendash invalid in math mode on input line 413.


LaTeX Warning: Command \textendash invalid in math mode on input line 413.


LaTeX Warning: Command \textendash invalid in math mode on input line 415.


LaTeX Warning: Command \textendash invalid in math mode on input line 415.


LaTeX Warning: Command \textendash invalid in math mode on input line 415.


LaTeX Warning: Command \textendash invalid in math mode on input line 417.


LaTeX Warning: Command \textendash invalid in math mode on input line 417.


LaTeX Warning: Command \textendash invalid in math mode on input line 417.


LaTeX Warning: Command \textendash invalid in math mode on input line 419.


LaTeX Warning: Command \textendash invalid in math mode on input line 419.


LaTeX Warning: Command \textendash invalid in math mode on input line 419.


Overfull \hbox (72.40872pt too wide) in paragraph at lines 358--424
 [] 
 []

) (./reference.tex
Underfull \hbox (badness 10000) in paragraph at lines 3--4

 []


Underfull \vbox (badness 10000) has occurred while \output is active []

 [20]
Missing character: There is no â in font cmr10!
Missing character: There is no € in font cmr10!
Missing character: There is no ™ in font cmr10!

Underfull \hbox (badness 10000) in paragraph at lines 5--8

 []


Underfull \hbox (badness 10000) in paragraph at lines 9--10

 []


Underfull \hbox (badness 10000) in paragraph at lines 11--12

 []


Underfull \hbox (badness 10000) in paragraph at lines 13--16

 []

)
Underfull \hbox (badness 10000) in paragraph at lines 17--43

 []

[21] (./book.aux (./front_title.aux)) ) 
Here is how much of TeX's memory you used:
 3231 strings out of 495028
 42584 string characters out of 6181497
 113001 words of memory out of 5000000
 6361 multiletter control sequences out of 15000+600000
 12819 words of font info for 47 fonts, out of 8000000 for 9000
 14 hyphenation exceptions out of 8191
 38i,11n,43p,253b,404s stack positions out of 5000i,500n,10000p,200000b,80000s
</usr/share/texlive/texmf-dist/fonts/typ
e1/public/amsfonts/cm/cmbx10.pfb></usr/share/texlive/texmf-dist/fonts/type1/pub
lic/amsfonts/cm/cmbx12.pfb></usr/share/texlive/texmf-dist/fonts/type1/public/am
sfonts/cm/cmex10.pfb></usr/share/texlive/texmf-dist/fonts/type1/public/amsfonts
/cm/cmmi10.pfb></usr/share/texlive/texmf-dist/fonts/type1/public/amsfonts/cm/cm
mi8.pfb></usr/share/texlive/texmf-dist/fonts/type1/public/amsfonts/cm/cmr10.pfb
></usr/share/texlive/texmf-dist/fonts/type1/public/amsfonts/cm/cmr8.pfb></usr/s
hare/texlive/texmf-dist/fonts/type1/public/amsfonts/cm/cmssi10.pfb></usr/share/
texlive/texmf-dist/fonts/type1/public/amsfonts/cm/cmssi17.pfb></usr/share/texli
ve/texmf-dist/fonts/type1/public/amsfonts/cm/cmsy10.pfb></usr/share/texlive/tex
mf-dist/fonts/type1/public/amsfonts/cm/cmsy8.pfb></usr/share/texlive/texmf-dist
/fonts/type1/public/amsfonts/cm/cmtt10.pfb>
Output written on book.pdf (22 pages, 184113 bytes).
PDF statistics:
 123 PDF objects out of 1000 (max. 8388607)
 86 compressed objects within 1 object stream
 0 named destinations out of 1000 (max. 500000)
 1 words of extra memory for PDF output out of 10000 (max. 10000000)

